2024-03-26T18:36:00.671Z [32minfo[39m: CRON Expiration Job : Checking for Expiration Date
2024-03-26T18:36:00.680Z [32minfo[39m: CRON Backup Job : Running Backup Job
2024-03-26T18:52:00.713Z [32minfo[39m: CRON Expiration Job : Checking for Expiration Date
2024-03-26T18:52:00.718Z [32minfo[39m: CRON Backup Job : Running Backup Job
2024-03-26T18:52:00.988Z [32minfo[39m: CRON Expiration Job : No Jobs in queue
2024-03-26T19:08:00.787Z [32minfo[39m: CRON Expiration Job : Checking for Expiration Date
2024-03-26T19:08:00.796Z [32minfo[39m: CRON Backup Job : Running Backup Job
2024-03-26T19:08:01.403Z [32minfo[39m: CRON Expiration Job : No Jobs in queue
2024-03-26T19:24:00.790Z [32minfo[39m: CRON Expiration Job : Checking for Expiration Date
2024-03-26T19:24:00.796Z [32minfo[39m: CRON Backup Job : Running Backup Job
2024-03-26T19:24:01.027Z [32minfo[39m: CRON Expiration Job : No Jobs in queue
2024-03-26T19:40:00.986Z [32minfo[39m: CRON Expiration Job : Checking for Expiration Date
2024-03-26T19:40:00.995Z [32minfo[39m: CRON Backup Job : Running Backup Job
2024-03-26T19:40:01.477Z [32minfo[39m: CRON Expiration Job : No Jobs in queue
2024-03-26T20:13:00.380Z [32minfo[39m: CRON Expiration Job : Checking for Expiration Date
2024-03-26T20:13:00.381Z [32minfo[39m: CRON Backup Job : Running Backup Job
2024-03-26T20:13:00.601Z [32minfo[39m: CRON Expiration Job : No Jobs in queue
2024-03-26T20:29:00.431Z [32minfo[39m: CRON Expiration Job : Checking for Expiration Date
2024-03-26T20:29:00.438Z [32minfo[39m: CRON Backup Job : Running Backup Job
2024-03-26T20:29:00.663Z [32minfo[39m: CRON Expiration Job : No Jobs in queue
2024-03-26T20:45:00.601Z [32minfo[39m: CRON Expiration Job : Checking for Expiration Date
2024-03-26T20:45:00.607Z [32minfo[39m: CRON Backup Job : Running Backup Job
2024-03-26T20:45:00.811Z [32minfo[39m: CRON Expiration Job : No Jobs in queue
2024-03-26T21:01:00.625Z [32minfo[39m: CRON Expiration Job : Checking for Expiration Date
2024-03-26T21:01:00.640Z [32minfo[39m: CRON Backup Job : Running Backup Job
2024-03-26T21:01:01.075Z [32minfo[39m: CRON Expiration Job : No Jobs in queue
2024-03-26T21:34:00.312Z [32minfo[39m: CRON Expiration Job : Checking for Expiration Date
2024-03-26T21:34:00.318Z [32minfo[39m: CRON Backup Job : Running Backup Job
2024-03-26T21:34:00.542Z [32minfo[39m: CRON Expiration Job : No Jobs in queue
2024-03-26T21:50:00.303Z [32minfo[39m: CRON Expiration Job : Checking for Expiration Date
2024-03-26T21:50:00.312Z [32minfo[39m: CRON Backup Job : Running Backup Job
2024-03-26T21:50:00.803Z [32minfo[39m: CRON Expiration Job : No Jobs in queue
2024-03-26T22:15:00.395Z [32minfo[39m: CRON Expiration Job : Checking for Expiration Date
2024-03-26T22:15:00.402Z [32minfo[39m: CRON Backup Job : Running Backup Job
2024-03-26T22:15:00.633Z [32minfo[39m: CRON Expiration Job : No Jobs in queue
2024-03-26T22:31:00.484Z [32minfo[39m: CRON Expiration Job : Checking for Expiration Date
2024-03-26T22:31:00.491Z [32minfo[39m: CRON Backup Job : Running Backup Job
2024-03-26T22:31:00.832Z [32minfo[39m: CRON Expiration Job : No Jobs in queue
2024-03-26T22:47:00.487Z [32minfo[39m: CRON Expiration Job : Checking for Expiration Date
2024-03-26T22:47:00.495Z [32minfo[39m: CRON Backup Job : Running Backup Job
2024-03-26T22:47:00.752Z [32minfo[39m: CRON Expiration Job : No Jobs in queue
2024-03-26T23:20:00.940Z [32minfo[39m: CRON Expiration Job : Checking for Expiration Date
2024-03-26T23:20:00.946Z [32minfo[39m: CRON Backup Job : Running Backup Job
2024-03-26T23:20:01.218Z [32minfo[39m: CRON Expiration Job : No Jobs in queue
2024-03-26T23:36:00.880Z [32minfo[39m: CRON Expiration Job : Checking for Expiration Date
2024-03-26T23:36:00.886Z [32minfo[39m: CRON Backup Job : Running Backup Job
2024-03-26T23:36:01.104Z [32minfo[39m: CRON Expiration Job : No Jobs in queue
2024-03-26T23:52:00.127Z [32minfo[39m: CRON Expiration Job : Checking for Expiration Date
2024-03-26T23:52:00.127Z [32minfo[39m: CRON Backup Job : Running Backup Job
2024-03-26T23:52:00.164Z [32minfo[39m: CRON Expiration Job : No Jobs in queue
2024-03-26T23:52:00.617Z [32minfo[39m: CRON Expiration Job : No Jobs in queue
2024-03-27T00:08:00.188Z [32minfo[39m: CRON Expiration Job : Checking for Expiration Date
2024-03-27T00:08:00.196Z [32minfo[39m: CRON Backup Job : Running Backup Job
2024-03-27T00:08:00.411Z [32minfo[39m: CRON Expiration Job : No Jobs in queue
2024-03-27T00:16:00.972Z [32minfo[39m: CRON Expiration Job : Checking for Expiration Date
2024-03-27T00:16:00.976Z [32minfo[39m: CRON Backup Job : Running Backup Job
2024-03-27T00:16:01.231Z [32minfo[39m: CRON Expiration Job : No Jobs in queue
2024-03-27T00:32:00.221Z [32minfo[39m: CRON Expiration Job : Checking for Expiration Date
2024-03-27T00:32:00.230Z [32minfo[39m: CRON Backup Job : Running Backup Job
2024-03-27T00:32:00.443Z [32minfo[39m: CRON Expiration Job : No Jobs in queue
2024-03-27T01:05:00.412Z [32minfo[39m: CRON Expiration Job : Checking for Expiration Date
2024-03-27T01:05:00.418Z [32minfo[39m: CRON Backup Job : Running Backup Job
2024-03-27T01:05:00.646Z [32minfo[39m: CRON Expiration Job : No Jobs in queue
2024-03-27T01:17:00.342Z [32minfo[39m: CRON Expiration Job : Checking for Expiration Date
2024-03-27T01:17:00.345Z [32minfo[39m: CRON Backup Job : Running Backup Job
2024-03-27T01:17:00.556Z [32minfo[39m: CRON Expiration Job : No Jobs in queue
2024-03-27T01:33:00.854Z [32minfo[39m: CRON Expiration Job : Checking for Expiration Date
2024-03-27T01:33:00.855Z [32minfo[39m: CRON Backup Job : Running Backup Job
2024-03-27T01:33:01.065Z [32minfo[39m: CRON Expiration Job : No Jobs in queue
2024-03-27T01:49:00.870Z [32minfo[39m: CRON Expiration Job : Checking for Expiration Date
2024-03-27T01:49:00.878Z [32minfo[39m: CRON Backup Job : Running Backup Job
2024-03-27T01:49:01.253Z [32minfo[39m: CRON Expiration Job : No Jobs in queue
2024-03-27T02:18:00.198Z [32minfo[39m: CRON Expiration Job : Checking for Expiration Date
2024-03-27T02:18:00.203Z [32minfo[39m: CRON Backup Job : Running Backup Job
2024-03-27T02:18:00.447Z [32minfo[39m: CRON Expiration Job : No Jobs in queue
2024-03-27T02:34:00.220Z [32minfo[39m: CRON Expiration Job : Checking for Expiration Date
2024-03-27T02:34:00.227Z [32minfo[39m: CRON Backup Job : Running Backup Job
2024-03-27T02:34:00.744Z [32minfo[39m: CRON Expiration Job : No Jobs in queue
2024-03-27T02:50:00.221Z [32minfo[39m: CRON Expiration Job : Checking for Expiration Date
2024-03-27T02:50:00.232Z [32minfo[39m: CRON Backup Job : Running Backup Job
2024-03-27T02:50:00.428Z [32minfo[39m: CRON Expiration Job : No Jobs in queue
2024-03-27T03:06:00.285Z [32minfo[39m: CRON Expiration Job : Checking for Expiration Date
2024-03-27T03:06:00.293Z [32minfo[39m: CRON Backup Job : Running Backup Job
2024-03-27T03:06:00.761Z [32minfo[39m: CRON Expiration Job : No Jobs in queue
2024-03-27T04:03:00.537Z [32minfo[39m: CRON Expiration Job : Checking for Expiration Date
2024-03-27T04:03:00.545Z [32minfo[39m: CRON Backup Job : Running Backup Job
2024-03-27T04:03:00.761Z [32minfo[39m: CRON Expiration Job : No Jobs in queue
2024-03-27T04:15:00.256Z [32minfo[39m: CRON Expiration Job : Checking for Expiration Date
2024-03-27T04:15:00.262Z [32minfo[39m: CRON Backup Job : Running Backup Job
2024-03-27T04:15:00.489Z [32minfo[39m: CRON Expiration Job : No Jobs in queue
2024-03-27T04:16:00.343Z [32minfo[39m: CRON Expiration Job : Checking for Expiration Date
2024-03-27T04:16:00.347Z [32minfo[39m: CRON Backup Job : Running Backup Job
2024-03-27T04:16:00.378Z [32minfo[39m: CRON Expiration Job : No Jobs in queue
2024-03-27T04:17:00.424Z [32minfo[39m: CRON Expiration Job : Checking for Expiration Date
2024-03-27T04:17:00.428Z [32minfo[39m: CRON Backup Job : Running Backup Job
2024-03-27T04:17:00.459Z [32minfo[39m: CRON Expiration Job : No Jobs in queue
2024-03-27T04:18:00.515Z [32minfo[39m: CRON Expiration Job : Checking for Expiration Date
2024-03-27T04:18:00.519Z [32minfo[39m: CRON Backup Job : Running Backup Job
2024-03-27T04:18:00.549Z [32minfo[39m: CRON Expiration Job : No Jobs in queue
2024-03-27T04:19:00.602Z [32minfo[39m: CRON Expiration Job : Checking for Expiration Date
2024-03-27T04:19:00.607Z [32minfo[39m: CRON Backup Job : Running Backup Job
2024-03-27T04:19:00.637Z [32minfo[39m: CRON Expiration Job : No Jobs in queue
2024-03-27T04:20:00.682Z [32minfo[39m: CRON Expiration Job : Checking for Expiration Date
2024-03-27T04:20:00.684Z [32minfo[39m: CRON Backup Job : Running Backup Job
2024-03-27T04:20:00.711Z [32minfo[39m: CRON Expiration Job : No Jobs in queue
2024-03-27T04:21:00.759Z [32minfo[39m: CRON Expiration Job : Checking for Expiration Date
2024-03-27T04:21:00.763Z [32minfo[39m: CRON Backup Job : Running Backup Job
2024-03-27T04:21:00.791Z [32minfo[39m: CRON Expiration Job : No Jobs in queue
2024-03-27T04:22:00.850Z [32minfo[39m: CRON Expiration Job : Checking for Expiration Date
2024-03-27T04:22:00.854Z [32minfo[39m: CRON Backup Job : Running Backup Job
2024-03-27T04:22:00.882Z [32minfo[39m: CRON Expiration Job : No Jobs in queue
2024-03-27T04:23:00.939Z [32minfo[39m: CRON Expiration Job : Checking for Expiration Date
2024-03-27T04:23:00.946Z [32minfo[39m: CRON Backup Job : Running Backup Job
2024-03-27T04:23:00.974Z [32minfo[39m: CRON Expiration Job : No Jobs in queue
2024-03-27T04:24:00.050Z [32minfo[39m: CRON Expiration Job : Checking for Expiration Date
2024-03-27T04:24:00.052Z [32minfo[39m: CRON Backup Job : Running Backup Job
2024-03-27T04:24:00.082Z [32minfo[39m: CRON Expiration Job : No Jobs in queue
2024-03-27T04:25:00.141Z [32minfo[39m: CRON Expiration Job : Checking for Expiration Date
2024-03-27T04:25:00.148Z [32minfo[39m: CRON Backup Job : Running Backup Job
2024-03-27T04:25:00.290Z [32minfo[39m: CRON Expiration Job : No Jobs in queue
2024-03-27T04:26:00.229Z [32minfo[39m: CRON Expiration Job : Checking for Expiration Date
2024-03-27T04:26:00.230Z [32minfo[39m: CRON Backup Job : Running Backup Job
2024-03-27T04:26:00.259Z [32minfo[39m: CRON Expiration Job : No Jobs in queue
2024-03-27T04:27:00.325Z [32minfo[39m: CRON Expiration Job : Checking for Expiration Date
2024-03-27T04:27:00.330Z [32minfo[39m: CRON Backup Job : Running Backup Job
2024-03-27T04:27:00.358Z [32minfo[39m: CRON Expiration Job : No Jobs in queue
2024-03-27T04:28:00.408Z [32minfo[39m: CRON Expiration Job : Checking for Expiration Date
2024-03-27T04:28:00.412Z [32minfo[39m: CRON Backup Job : Running Backup Job
2024-03-27T04:28:00.443Z [32minfo[39m: CRON Expiration Job : No Jobs in queue
2024-03-27T04:29:00.494Z [32minfo[39m: CRON Expiration Job : Checking for Expiration Date
2024-03-27T04:29:00.498Z [32minfo[39m: CRON Backup Job : Running Backup Job
2024-03-27T04:29:00.526Z [32minfo[39m: CRON Expiration Job : No Jobs in queue
2024-03-27T04:30:00.599Z [32minfo[39m: CRON Expiration Job : Checking for Expiration Date
2024-03-27T04:30:00.603Z [32minfo[39m: CRON Backup Job : Running Backup Job
2024-03-27T04:30:00.634Z [32minfo[39m: CRON Expiration Job : No Jobs in queue
2024-03-27T04:31:00.701Z [32minfo[39m: CRON Expiration Job : Checking for Expiration Date
2024-03-27T04:31:00.706Z [32minfo[39m: CRON Backup Job : Running Backup Job
2024-03-27T04:31:00.735Z [32minfo[39m: CRON Expiration Job : No Jobs in queue
2024-03-27T04:46:00.764Z [32minfo[39m: CRON Expiration Job : Checking for Expiration Date
2024-03-27T04:46:00.770Z [32minfo[39m: CRON Backup Job : Running Backup Job
2024-03-27T04:46:01.030Z [32minfo[39m: CRON Expiration Job : No Jobs in queue
2024-03-27T04:47:00.852Z [32minfo[39m: CRON Expiration Job : Checking for Expiration Date
2024-03-27T04:47:00.854Z [32minfo[39m: CRON Backup Job : Running Backup Job
2024-03-27T04:47:00.883Z [32minfo[39m: CRON Expiration Job : No Jobs in queue
2024-03-27T04:48:00.951Z [32minfo[39m: CRON Expiration Job : Checking for Expiration Date
2024-03-27T04:48:00.954Z [32minfo[39m: CRON Backup Job : Running Backup Job
2024-03-27T04:48:00.985Z [32minfo[39m: CRON Expiration Job : No Jobs in queue
2024-03-27T04:51:18.827Z [32minfo[39m: Connected to MongoDB
2024-03-27T04:51:18.834Z [32minfo[39m: Server started successfully
2024-03-27T04:51:18.835Z [32minfo[39m: CDW Swag server running on port 3333
2024-03-27T04:51:19.211Z [32minfo[39m: CRON Jobs Started
2024-03-27T04:51:19.212Z [32minfo[39m: Successfully called the cron jobs.
2024-03-27T05:29:28.258Z [32minfo[39m: Connected to MongoDB
2024-03-27T05:29:28.265Z [32minfo[39m: Server started successfully
2024-03-27T05:29:28.265Z [32minfo[39m: CDW Swag server running on port 3333
2024-03-27T05:29:28.624Z [32minfo[39m: CRON Jobs Started
2024-03-27T05:29:28.624Z [32minfo[39m: Successfully called the cron jobs.
2024-03-27T05:29:34.098Z [32minfo[39m: Wallet login successful
2024-03-27T05:29:34.170Z [32minfo[39m: Token Successfully generated
2024-03-27T05:29:34.173Z [32minfo[39m: User successfully authenticated
2024-03-27T05:30:00.668Z [32minfo[39m: CRON Expiration Job : Checking for Expiration Date
2024-03-27T05:30:00.674Z [32minfo[39m: CRON Backup Job : Running Backup Job
2024-03-27T05:30:00.701Z [32minfo[39m: CRON Expiration Job : No Jobs in queue
2024-03-27T05:30:39.664Z [32minfo[39m: Wallet login successful
2024-03-27T05:30:39.743Z [32minfo[39m: Token Successfully generated
2024-03-27T05:30:39.750Z [32minfo[39m: User successfully authenticated
2024-03-27T05:30:40.033Z [32minfo[39m: User Authenticated
2024-03-27T05:30:40.287Z [32minfo[39m: Admin Dashboard : status of orders sent successfully
2024-03-27T05:31:00.766Z [32minfo[39m: CRON Expiration Job : Checking for Expiration Date
2024-03-27T05:31:00.769Z [32minfo[39m: CRON Backup Job : Running Backup Job
2024-03-27T05:31:00.831Z [32minfo[39m: CRON Expiration Job : No Jobs in queue
2024-03-27T05:32:00.892Z [32minfo[39m: CRON Expiration Job : Checking for Expiration Date
2024-03-27T05:32:00.898Z [32minfo[39m: CRON Backup Job : Running Backup Job
2024-03-27T05:32:00.945Z [32minfo[39m: CRON Expiration Job : No Jobs in queue
2024-03-27T05:33:00.993Z [32minfo[39m: CRON Expiration Job : Checking for Expiration Date
2024-03-27T05:33:00.998Z [32minfo[39m: CRON Backup Job : Running Backup Job
2024-03-27T05:33:01.026Z [32minfo[39m: CRON Expiration Job : No Jobs in queue
2024-03-27T05:34:00.094Z [32minfo[39m: CRON Expiration Job : Checking for Expiration Date
2024-03-27T05:34:00.100Z [32minfo[39m: CRON Backup Job : Running Backup Job
2024-03-27T05:34:00.127Z [32minfo[39m: CRON Expiration Job : No Jobs in queue
2024-03-27T05:35:00.207Z [32minfo[39m: CRON Expiration Job : Checking for Expiration Date
2024-03-27T05:35:00.213Z [32minfo[39m: CRON Backup Job : Running Backup Job
2024-03-27T05:35:00.243Z [32minfo[39m: CRON Expiration Job : No Jobs in queue
2024-03-27T05:36:00.307Z [32minfo[39m: CRON Expiration Job : Checking for Expiration Date
2024-03-27T05:36:00.321Z [32minfo[39m: CRON Backup Job : Running Backup Job
2024-03-27T05:36:00.346Z [32minfo[39m: CRON Expiration Job : No Jobs in queue
2024-03-27T05:37:00.413Z [32minfo[39m: CRON Expiration Job : Checking for Expiration Date
2024-03-27T05:37:00.414Z [32minfo[39m: CRON Backup Job : Running Backup Job
2024-03-27T05:37:00.442Z [32minfo[39m: CRON Expiration Job : No Jobs in queue
2024-03-27T05:37:05.738Z [32minfo[39m: Connected to MongoDB
2024-03-27T05:37:05.746Z [32minfo[39m: Server started successfully
2024-03-27T05:37:05.746Z [32minfo[39m: CDW Swag server running on port 3333
2024-03-27T05:37:06.141Z [32minfo[39m: CRON Jobs Started
2024-03-27T05:37:06.143Z [32minfo[39m: Successfully called the cron jobs.
2024-03-27T05:38:00.242Z [32minfo[39m: CRON Expiration Job : Checking for Expiration Date
2024-03-27T05:38:00.246Z [32minfo[39m: CRON Backup Job : Running Backup Job
2024-03-27T05:38:00.278Z [32minfo[39m: CRON Expiration Job : No Jobs in queue
2024-03-27T05:39:00.341Z [32minfo[39m: CRON Expiration Job : Checking for Expiration Date
2024-03-27T05:39:00.346Z [32minfo[39m: CRON Backup Job : Running Backup Job
2024-03-27T05:39:00.375Z [32minfo[39m: CRON Expiration Job : No Jobs in queue
2024-03-27T05:40:00.443Z [32minfo[39m: CRON Expiration Job : Checking for Expiration Date
2024-03-27T05:40:00.450Z [32minfo[39m: CRON Backup Job : Running Backup Job
2024-03-27T05:40:00.490Z [32minfo[39m: CRON Expiration Job : No Jobs in queue
2024-03-27T05:41:00.549Z [32minfo[39m: CRON Expiration Job : Checking for Expiration Date
2024-03-27T05:41:00.555Z [32minfo[39m: CRON Backup Job : Running Backup Job
2024-03-27T05:41:00.586Z [32minfo[39m: CRON Expiration Job : No Jobs in queue
2024-03-27T05:42:00.655Z [32minfo[39m: CRON Expiration Job : Checking for Expiration Date
2024-03-27T05:42:00.661Z [32minfo[39m: CRON Backup Job : Running Backup Job
2024-03-27T05:42:00.693Z [32minfo[39m: CRON Expiration Job : No Jobs in queue
2024-03-27T05:43:00.752Z [32minfo[39m: CRON Expiration Job : Checking for Expiration Date
2024-03-27T05:43:00.758Z [32minfo[39m: CRON Backup Job : Running Backup Job
2024-03-27T05:43:00.794Z [32minfo[39m: CRON Expiration Job : No Jobs in queue
2024-03-27T05:44:05.382Z [32minfo[39m: Connected to MongoDB
2024-03-27T05:44:05.391Z [32minfo[39m: Server started successfully
2024-03-27T05:44:05.391Z [32minfo[39m: CDW Swag server running on port 3333
2024-03-27T05:44:05.757Z [32minfo[39m: CRON Jobs Started
2024-03-27T05:44:05.758Z [32minfo[39m: Successfully called the cron jobs.
2024-03-27T05:44:16.859Z [32minfo[39m: Connected to MongoDB
2024-03-27T05:44:16.862Z [32minfo[39m: Server started successfully
2024-03-27T05:44:16.862Z [32minfo[39m: CDW Swag server running on port 3333
2024-03-27T05:44:17.475Z [32minfo[39m: CRON Jobs Started
2024-03-27T05:44:17.476Z [32minfo[39m: Successfully called the cron jobs.
2024-03-27T05:44:22.802Z [32minfo[39m: Connected to MongoDB
2024-03-27T05:44:22.808Z [32minfo[39m: Server started successfully
2024-03-27T05:44:22.809Z [32minfo[39m: CDW Swag server running on port 3333
2024-03-27T05:44:23.236Z [32minfo[39m: CRON Jobs Started
2024-03-27T05:44:23.237Z [32minfo[39m: Successfully called the cron jobs.
2024-03-27T05:44:27.261Z [32minfo[39m: Connected to MongoDB
2024-03-27T05:44:27.264Z [32minfo[39m: Server started successfully
2024-03-27T05:44:27.264Z [32minfo[39m: CDW Swag server running on port 3333
2024-03-27T05:44:27.687Z [32minfo[39m: CRON Jobs Started
2024-03-27T05:44:27.688Z [32minfo[39m: Successfully called the cron jobs.
2024-03-27T05:44:33.536Z [32minfo[39m: Connected to MongoDB
2024-03-27T05:44:33.542Z [32minfo[39m: Server started successfully
2024-03-27T05:44:33.542Z [32minfo[39m: CDW Swag server running on port 3333
2024-03-27T05:44:33.936Z [32minfo[39m: CRON Jobs Started
2024-03-27T05:44:33.937Z [32minfo[39m: Successfully called the cron jobs.
2024-03-27T05:44:39.666Z [32minfo[39m: Connected to MongoDB
2024-03-27T05:44:39.669Z [32minfo[39m: Server started successfully
2024-03-27T05:44:39.670Z [32minfo[39m: CDW Swag server running on port 3333
2024-03-27T05:44:40.030Z [32minfo[39m: CRON Jobs Started
2024-03-27T05:44:40.030Z [32minfo[39m: Successfully called the cron jobs.
2024-03-27T05:44:42.361Z [32minfo[39m: Connected to MongoDB
2024-03-27T05:44:42.364Z [32minfo[39m: Server started successfully
2024-03-27T05:44:42.364Z [32minfo[39m: CDW Swag server running on port 3333
2024-03-27T05:44:44.220Z [32minfo[39m: Connected to MongoDB
2024-03-27T05:44:44.227Z [32minfo[39m: Server started successfully
2024-03-27T05:44:44.227Z [32minfo[39m: CDW Swag server running on port 3333
2024-03-27T05:44:44.610Z [32minfo[39m: CRON Jobs Started
2024-03-27T05:44:44.610Z [32minfo[39m: Successfully called the cron jobs.
2024-03-27T05:45:00.634Z [32minfo[39m: CRON Expiration Job : Checking for Expiration Date
2024-03-27T05:45:00.638Z [32minfo[39m: CRON Backup Job : Running Backup Job
2024-03-27T05:45:00.673Z [32minfo[39m: CRON Expiration Job : No Jobs in queue
2024-03-27T05:46:00.734Z [32minfo[39m: CRON Expiration Job : Checking for Expiration Date
2024-03-27T05:46:00.739Z [32minfo[39m: CRON Backup Job : Running Backup Job
2024-03-27T05:46:00.773Z [32minfo[39m: CRON Expiration Job : No Jobs in queue
2024-03-27T05:46:55.720Z [32minfo[39m: Connected to MongoDB
2024-03-27T05:46:55.727Z [32minfo[39m: Server started successfully
2024-03-27T05:46:55.727Z [32minfo[39m: CDW Swag server running on port 3333
2024-03-27T05:46:56.119Z [32minfo[39m: CRON Jobs Started
2024-03-27T05:46:56.120Z [32minfo[39m: Successfully called the cron jobs.
2024-03-27T05:47:00.128Z [32minfo[39m: CRON Expiration Job : Checking for Expiration Date
2024-03-27T05:47:00.136Z [32minfo[39m: CRON Backup Job : Running Backup Job
2024-03-27T05:47:00.165Z [32minfo[39m: CRON Expiration Job : No Jobs in queue
2024-03-27T05:48:00.233Z [32minfo[39m: CRON Expiration Job : Checking for Expiration Date
2024-03-27T05:48:00.241Z [32minfo[39m: CRON Backup Job : Running Backup Job
2024-03-27T05:48:00.271Z [32minfo[39m: CRON Expiration Job : No Jobs in queue
2024-03-27T05:49:00.345Z [32minfo[39m: CRON Expiration Job : Checking for Expiration Date
2024-03-27T05:49:00.352Z [32minfo[39m: CRON Backup Job : Running Backup Job
2024-03-27T05:49:00.383Z [32minfo[39m: CRON Expiration Job : No Jobs in queue
2024-03-27T05:50:00.456Z [32minfo[39m: CRON Expiration Job : Checking for Expiration Date
2024-03-27T05:50:00.462Z [32minfo[39m: CRON Backup Job : Running Backup Job
2024-03-27T05:50:00.493Z [32minfo[39m: CRON Expiration Job : No Jobs in queue
2024-03-27T05:50:25.518Z [32minfo[39m: Connected to MongoDB
2024-03-27T05:50:25.525Z [32minfo[39m: Server started successfully
2024-03-27T05:50:25.525Z [32minfo[39m: CDW Swag server running on port 3333
2024-03-27T05:50:25.939Z [32minfo[39m: CRON Jobs Started
2024-03-27T05:50:25.940Z [32minfo[39m: Successfully called the cron jobs.
2024-03-27T05:51:00.996Z [32minfo[39m: CRON Expiration Job : Checking for Expiration Date
2024-03-27T05:51:01.038Z [32minfo[39m: CRON Expiration Job : No Jobs in queue
2024-03-27T05:52:00.092Z [32minfo[39m: CRON Expiration Job : Checking for Expiration Date
2024-03-27T05:52:00.098Z [32minfo[39m: CRON Backup Job : Running Backup Job
2024-03-27T05:52:00.132Z [32minfo[39m: CRON Expiration Job : No Jobs in queue
2024-03-27T05:53:00.199Z [32minfo[39m: CRON Expiration Job : Checking for Expiration Date
2024-03-27T05:53:00.205Z [32minfo[39m: CRON Backup Job : Running Backup Job
2024-03-27T05:53:00.245Z [32minfo[39m: CRON Expiration Job : No Jobs in queue
2024-03-27T05:54:00.293Z [32minfo[39m: CRON Expiration Job : Checking for Expiration Date
2024-03-27T05:54:00.298Z [32minfo[39m: CRON Backup Job : Running Backup Job
2024-03-27T05:54:00.334Z [32minfo[39m: CRON Expiration Job : No Jobs in queue
2024-03-27T05:55:00.389Z [32minfo[39m: CRON Expiration Job : Checking for Expiration Date
2024-03-27T05:55:00.391Z [32minfo[39m: CRON Backup Job : Running Backup Job
2024-03-27T05:55:00.426Z [32minfo[39m: CRON Expiration Job : No Jobs in queue
2024-03-27T05:56:00.476Z [32minfo[39m: CRON Expiration Job : Checking for Expiration Date
2024-03-27T05:56:00.478Z [32minfo[39m: CRON Backup Job : Running Backup Job
2024-03-27T05:56:00.513Z [32minfo[39m: CRON Expiration Job : No Jobs in queue
2024-03-27T05:57:00.571Z [32minfo[39m: CRON Expiration Job : Checking for Expiration Date
2024-03-27T05:57:00.577Z [32minfo[39m: CRON Backup Job : Running Backup Job
2024-03-27T05:57:00.613Z [32minfo[39m: CRON Expiration Job : No Jobs in queue
2024-03-27T05:58:00.663Z [32minfo[39m: CRON Expiration Job : Checking for Expiration Date
2024-03-27T05:58:00.669Z [32minfo[39m: CRON Backup Job : Running Backup Job
2024-03-27T05:58:00.705Z [32minfo[39m: CRON Expiration Job : No Jobs in queue
2024-03-27T05:59:00.763Z [32minfo[39m: CRON Expiration Job : Checking for Expiration Date
2024-03-27T05:59:00.771Z [32minfo[39m: CRON Backup Job : Running Backup Job
2024-03-27T05:59:00.805Z [32minfo[39m: CRON Expiration Job : No Jobs in queue
2024-03-27T06:00:00.886Z [32minfo[39m: CRON Expiration Job : Checking for Expiration Date
2024-03-27T06:00:00.893Z [32minfo[39m: CRON Backup Job : Running Backup Job
2024-03-27T06:00:00.930Z [32minfo[39m: CRON Expiration Job : No Jobs in queue
2024-03-27T06:01:00.980Z [32minfo[39m: CRON Expiration Job : Checking for Expiration Date
2024-03-27T06:01:00.996Z [32minfo[39m: CRON Backup Job : Running Backup Job
2024-03-27T06:01:01.030Z [32minfo[39m: CRON Expiration Job : No Jobs in queue
2024-03-27T06:02:00.070Z [32minfo[39m: CRON Expiration Job : Checking for Expiration Date
2024-03-27T06:02:00.075Z [32minfo[39m: CRON Backup Job : Running Backup Job
2024-03-27T06:02:00.111Z [32minfo[39m: CRON Expiration Job : No Jobs in queue
2024-03-27T06:03:00.167Z [32minfo[39m: CRON Expiration Job : Checking for Expiration Date
2024-03-27T06:03:00.169Z [32minfo[39m: CRON Backup Job : Running Backup Job
2024-03-27T06:03:00.204Z [32minfo[39m: CRON Expiration Job : No Jobs in queue
2024-03-27T06:04:00.262Z [32minfo[39m: CRON Expiration Job : Checking for Expiration Date
2024-03-27T06:04:00.267Z [32minfo[39m: CRON Backup Job : Running Backup Job
2024-03-27T06:04:00.301Z [32minfo[39m: CRON Expiration Job : No Jobs in queue
2024-03-27T06:05:00.351Z [32minfo[39m: CRON Expiration Job : Checking for Expiration Date
2024-03-27T06:05:00.363Z [32minfo[39m: CRON Backup Job : Running Backup Job
2024-03-27T06:05:00.400Z [32minfo[39m: CRON Expiration Job : No Jobs in queue
2024-03-27T06:06:00.454Z [32minfo[39m: CRON Expiration Job : Checking for Expiration Date
2024-03-27T06:06:00.461Z [32minfo[39m: CRON Backup Job : Running Backup Job
2024-03-27T06:06:00.498Z [32minfo[39m: CRON Expiration Job : No Jobs in queue
2024-03-27T06:07:00.564Z [32minfo[39m: CRON Expiration Job : Checking for Expiration Date
2024-03-27T06:07:00.566Z [32minfo[39m: CRON Backup Job : Running Backup Job
2024-03-27T06:07:00.601Z [32minfo[39m: CRON Expiration Job : No Jobs in queue
2024-03-27T06:08:00.643Z [32minfo[39m: CRON Expiration Job : Checking for Expiration Date
2024-03-27T06:08:00.646Z [32minfo[39m: CRON Backup Job : Running Backup Job
2024-03-27T06:08:00.680Z [32minfo[39m: CRON Expiration Job : No Jobs in queue
2024-03-27T06:08:06.306Z [32minfo[39m: Connected to MongoDB
2024-03-27T06:08:06.315Z [32minfo[39m: Server started successfully
2024-03-27T06:08:06.315Z [32minfo[39m: CDW Swag server running on port 3333
2024-03-27T06:08:06.764Z [32minfo[39m: CRON Jobs Started
2024-03-27T06:08:06.765Z [32minfo[39m: Successfully called the cron jobs.
2024-03-27T06:08:29.783Z [32minfo[39m: Connected to MongoDB
2024-03-27T06:08:29.793Z [32minfo[39m: Server started successfully
2024-03-27T06:08:29.793Z [32minfo[39m: CDW Swag server running on port 3333
2024-03-27T06:08:30.218Z [32minfo[39m: CRON Jobs Started
2024-03-27T06:08:30.219Z [32minfo[39m: Successfully called the cron jobs.
2024-03-27T06:09:00.269Z [32minfo[39m: CRON Expiration Job : Checking for Expiration Date
2024-03-27T06:09:00.276Z [32minfo[39m: CRON Backup Job : Running Backup Job
2024-03-27T06:09:00.313Z [32minfo[39m: CRON Expiration Job : No Jobs in queue
2024-03-27T06:10:00.371Z [32minfo[39m: CRON Expiration Job : Checking for Expiration Date
2024-03-27T06:10:00.377Z [32minfo[39m: CRON Backup Job : Running Backup Job
2024-03-27T06:10:00.415Z [32minfo[39m: CRON Expiration Job : No Jobs in queue
2024-03-27T06:11:00.484Z [32minfo[39m: CRON Expiration Job : Checking for Expiration Date
2024-03-27T06:11:00.493Z [32minfo[39m: CRON Backup Job : Running Backup Job
2024-03-27T06:11:00.531Z [32minfo[39m: CRON Expiration Job : No Jobs in queue
2024-03-27T06:12:00.600Z [32minfo[39m: CRON Expiration Job : Checking for Expiration Date
2024-03-27T06:12:00.612Z [32minfo[39m: CRON Backup Job : Running Backup Job
2024-03-27T06:12:00.651Z [32minfo[39m: CRON Expiration Job : No Jobs in queue
2024-03-27T06:13:00.717Z [32minfo[39m: CRON Expiration Job : Checking for Expiration Date
2024-03-27T06:13:00.725Z [32minfo[39m: CRON Backup Job : Running Backup Job
2024-03-27T06:13:00.761Z [32minfo[39m: CRON Expiration Job : No Jobs in queue
2024-03-27T06:14:00.821Z [32minfo[39m: CRON Expiration Job : Checking for Expiration Date
2024-03-27T06:14:00.824Z [32minfo[39m: CRON Backup Job : Running Backup Job
2024-03-27T06:14:00.861Z [32minfo[39m: CRON Expiration Job : No Jobs in queue
2024-03-27T06:15:00.933Z [32minfo[39m: CRON Expiration Job : Checking for Expiration Date
2024-03-27T06:15:00.936Z [32minfo[39m: CRON Backup Job : Running Backup Job
2024-03-27T06:15:00.970Z [32minfo[39m: CRON Expiration Job : No Jobs in queue
2024-03-27T06:16:00.035Z [32minfo[39m: CRON Expiration Job : Checking for Expiration Date
2024-03-27T06:16:00.038Z [32minfo[39m: CRON Backup Job : Running Backup Job
2024-03-27T06:16:00.074Z [32minfo[39m: CRON Expiration Job : No Jobs in queue
2024-03-27T06:17:03.074Z [32minfo[39m: Connected to MongoDB
2024-03-27T06:17:03.083Z [32minfo[39m: Server started successfully
2024-03-27T06:17:03.083Z [32minfo[39m: CDW Swag server running on port 3222
2024-03-27T06:17:03.798Z [32minfo[39m: CRON Jobs Started
2024-03-27T06:17:03.799Z [32minfo[39m: Successfully called the cron jobs.
2024-03-27T06:18:00.898Z [32minfo[39m: CRON Expiration Job : Checking for Expiration Date
2024-03-27T06:18:00.902Z [32minfo[39m: CRON Backup Job : Running Backup Job
2024-03-27T06:18:00.936Z [32minfo[39m: CRON Expiration Job : No Jobs in queue
2024-03-27T06:19:00.015Z [32minfo[39m: CRON Expiration Job : Checking for Expiration Date
2024-03-27T06:19:00.016Z [32minfo[39m: CRON Backup Job : Running Backup Job
2024-03-27T06:19:00.051Z [32minfo[39m: CRON Expiration Job : No Jobs in queue
2024-03-27T06:20:00.103Z [32minfo[39m: CRON Expiration Job : Checking for Expiration Date
2024-03-27T06:20:00.106Z [32minfo[39m: CRON Backup Job : Running Backup Job
2024-03-27T06:20:00.142Z [32minfo[39m: CRON Expiration Job : No Jobs in queue
2024-03-27T06:21:00.198Z [32minfo[39m: CRON Expiration Job : Checking for Expiration Date
2024-03-27T06:21:00.200Z [32minfo[39m: CRON Backup Job : Running Backup Job
2024-03-27T06:21:00.234Z [32minfo[39m: CRON Expiration Job : No Jobs in queue
2024-03-27T06:22:00.296Z [32minfo[39m: CRON Expiration Job : Checking for Expiration Date
2024-03-27T06:22:00.304Z [32minfo[39m: CRON Backup Job : Running Backup Job
2024-03-27T06:22:00.338Z [32minfo[39m: CRON Expiration Job : No Jobs in queue
2024-03-27T06:23:00.393Z [32minfo[39m: CRON Expiration Job : Checking for Expiration Date
2024-03-27T06:23:00.397Z [32minfo[39m: CRON Backup Job : Running Backup Job
2024-03-27T06:23:00.430Z [32minfo[39m: CRON Expiration Job : No Jobs in queue
2024-03-27T06:24:00.476Z [32minfo[39m: CRON Expiration Job : Checking for Expiration Date
2024-03-27T06:24:00.478Z [32minfo[39m: CRON Backup Job : Running Backup Job
2024-03-27T06:24:00.512Z [32minfo[39m: CRON Expiration Job : No Jobs in queue
2024-03-27T06:25:00.553Z [32minfo[39m: CRON Expiration Job : Checking for Expiration Date
2024-03-27T06:25:00.556Z [32minfo[39m: CRON Backup Job : Running Backup Job
2024-03-27T06:25:00.589Z [32minfo[39m: CRON Expiration Job : No Jobs in queue
2024-03-27T06:26:00.644Z [32minfo[39m: CRON Expiration Job : Checking for Expiration Date
2024-03-27T06:26:00.656Z [32minfo[39m: CRON Backup Job : Running Backup Job
2024-03-27T06:26:00.681Z [32minfo[39m: CRON Expiration Job : No Jobs in queue
2024-03-27T06:27:00.733Z [32minfo[39m: CRON Expiration Job : Checking for Expiration Date
2024-03-27T06:27:00.747Z [32minfo[39m: CRON Backup Job : Running Backup Job
2024-03-27T06:27:00.771Z [32minfo[39m: CRON Expiration Job : No Jobs in queue
2024-03-27T06:28:00.817Z [32minfo[39m: CRON Expiration Job : Checking for Expiration Date
2024-03-27T06:28:00.820Z [32minfo[39m: CRON Backup Job : Running Backup Job
2024-03-27T06:28:00.856Z [32minfo[39m: CRON Expiration Job : No Jobs in queue
2024-03-27T06:29:00.917Z [32minfo[39m: CRON Expiration Job : Checking for Expiration Date
2024-03-27T06:29:00.920Z [32minfo[39m: CRON Backup Job : Running Backup Job
2024-03-27T06:29:00.954Z [32minfo[39m: CRON Expiration Job : No Jobs in queue
2024-03-27T06:30:00.008Z [32minfo[39m: CRON Expiration Job : Checking for Expiration Date
2024-03-27T06:30:00.014Z [32minfo[39m: CRON Backup Job : Running Backup Job
2024-03-27T06:30:00.060Z [32minfo[39m: CRON Expiration Job : No Jobs in queue
2024-03-27T06:31:00.115Z [32minfo[39m: CRON Expiration Job : Checking for Expiration Date
2024-03-27T06:31:00.118Z [32minfo[39m: CRON Backup Job : Running Backup Job
2024-03-27T06:31:00.153Z [32minfo[39m: CRON Expiration Job : No Jobs in queue
2024-03-27T06:32:00.205Z [32minfo[39m: CRON Expiration Job : Checking for Expiration Date
2024-03-27T06:32:00.209Z [32minfo[39m: CRON Backup Job : Running Backup Job
2024-03-27T06:32:00.243Z [32minfo[39m: CRON Expiration Job : No Jobs in queue
2024-03-27T06:33:00.308Z [32minfo[39m: CRON Expiration Job : Checking for Expiration Date
2024-03-27T06:33:00.320Z [32minfo[39m: CRON Backup Job : Running Backup Job
2024-03-27T06:33:00.355Z [32minfo[39m: CRON Expiration Job : No Jobs in queue
2024-03-27T06:34:00.427Z [32minfo[39m: CRON Expiration Job : Checking for Expiration Date
2024-03-27T06:34:00.434Z [32minfo[39m: CRON Backup Job : Running Backup Job
2024-03-27T06:34:00.468Z [32minfo[39m: CRON Expiration Job : No Jobs in queue
2024-03-27T06:35:00.533Z [32minfo[39m: CRON Expiration Job : Checking for Expiration Date
2024-03-27T06:35:00.535Z [32minfo[39m: CRON Backup Job : Running Backup Job
2024-03-27T06:35:00.569Z [32minfo[39m: CRON Expiration Job : No Jobs in queue
2024-03-27T06:36:00.618Z [32minfo[39m: CRON Expiration Job : Checking for Expiration Date
2024-03-27T06:36:00.619Z [32minfo[39m: CRON Backup Job : Running Backup Job
2024-03-27T06:36:00.653Z [32minfo[39m: CRON Expiration Job : No Jobs in queue
2024-03-27T06:37:00.711Z [32minfo[39m: CRON Expiration Job : Checking for Expiration Date
2024-03-27T06:37:00.713Z [32minfo[39m: CRON Backup Job : Running Backup Job
2024-03-27T06:37:00.749Z [32minfo[39m: CRON Expiration Job : No Jobs in queue
2024-03-27T06:38:00.804Z [32minfo[39m: CRON Expiration Job : Checking for Expiration Date
2024-03-27T06:38:00.809Z [32minfo[39m: CRON Backup Job : Running Backup Job
2024-03-27T06:38:00.843Z [32minfo[39m: CRON Expiration Job : No Jobs in queue
2024-03-27T06:39:00.886Z [32minfo[39m: CRON Expiration Job : Checking for Expiration Date
2024-03-27T06:39:00.890Z [32minfo[39m: CRON Backup Job : Running Backup Job
2024-03-27T06:39:00.924Z [32minfo[39m: CRON Expiration Job : No Jobs in queue
2024-03-27T06:40:00.972Z [32minfo[39m: CRON Expiration Job : Checking for Expiration Date
2024-03-27T06:40:00.975Z [32minfo[39m: CRON Backup Job : Running Backup Job
2024-03-27T06:40:01.008Z [32minfo[39m: CRON Expiration Job : No Jobs in queue
2024-03-27T06:41:00.054Z [32minfo[39m: CRON Expiration Job : Checking for Expiration Date
2024-03-27T06:41:00.056Z [32minfo[39m: CRON Backup Job : Running Backup Job
2024-03-27T06:41:00.089Z [32minfo[39m: CRON Expiration Job : No Jobs in queue
2024-03-27T06:42:00.143Z [32minfo[39m: CRON Expiration Job : Checking for Expiration Date
2024-03-27T06:42:00.145Z [32minfo[39m: CRON Backup Job : Running Backup Job
2024-03-27T06:42:00.180Z [32minfo[39m: CRON Expiration Job : No Jobs in queue
2024-03-27T06:43:00.220Z [32minfo[39m: CRON Expiration Job : Checking for Expiration Date
2024-03-27T06:43:00.222Z [32minfo[39m: CRON Backup Job : Running Backup Job
2024-03-27T06:43:00.255Z [32minfo[39m: CRON Expiration Job : No Jobs in queue
2024-03-27T06:44:00.291Z [32minfo[39m: CRON Expiration Job : Checking for Expiration Date
2024-03-27T06:44:00.295Z [32minfo[39m: CRON Backup Job : Running Backup Job
2024-03-27T06:44:00.333Z [32minfo[39m: CRON Expiration Job : No Jobs in queue
2024-03-27T06:45:00.376Z [32minfo[39m: CRON Expiration Job : Checking for Expiration Date
2024-03-27T06:45:00.377Z [32minfo[39m: CRON Backup Job : Running Backup Job
2024-03-27T06:45:00.411Z [32minfo[39m: CRON Expiration Job : No Jobs in queue
2024-03-27T06:46:00.464Z [32minfo[39m: CRON Expiration Job : Checking for Expiration Date
2024-03-27T06:46:00.467Z [32minfo[39m: CRON Backup Job : Running Backup Job
2024-03-27T06:46:00.501Z [32minfo[39m: CRON Expiration Job : No Jobs in queue
2024-03-27T06:47:00.550Z [32minfo[39m: CRON Expiration Job : Checking for Expiration Date
2024-03-27T06:47:00.552Z [32minfo[39m: CRON Backup Job : Running Backup Job
2024-03-27T06:47:00.586Z [32minfo[39m: CRON Expiration Job : No Jobs in queue
2024-03-27T06:48:00.645Z [32minfo[39m: CRON Expiration Job : Checking for Expiration Date
2024-03-27T06:48:00.647Z [32minfo[39m: CRON Backup Job : Running Backup Job
2024-03-27T06:48:00.680Z [32minfo[39m: CRON Expiration Job : No Jobs in queue
2024-03-27T06:49:00.718Z [32minfo[39m: CRON Expiration Job : Checking for Expiration Date
2024-03-27T06:49:00.720Z [32minfo[39m: CRON Backup Job : Running Backup Job
2024-03-27T06:49:00.755Z [32minfo[39m: CRON Expiration Job : No Jobs in queue
2024-03-27T06:50:00.813Z [32minfo[39m: CRON Expiration Job : Checking for Expiration Date
2024-03-27T06:50:00.815Z [32minfo[39m: CRON Backup Job : Running Backup Job
2024-03-27T06:50:00.851Z [32minfo[39m: CRON Expiration Job : No Jobs in queue
2024-03-27T06:51:00.897Z [32minfo[39m: CRON Expiration Job : Checking for Expiration Date
2024-03-27T06:51:00.899Z [32minfo[39m: CRON Backup Job : Running Backup Job
2024-03-27T06:51:00.932Z [32minfo[39m: CRON Expiration Job : No Jobs in queue
2024-03-27T06:52:00.007Z [32minfo[39m: CRON Expiration Job : Checking for Expiration Date
2024-03-27T06:52:00.008Z [32minfo[39m: CRON Backup Job : Running Backup Job
2024-03-27T06:52:00.042Z [32minfo[39m: CRON Expiration Job : No Jobs in queue
2024-03-27T06:53:00.087Z [32minfo[39m: CRON Expiration Job : Checking for Expiration Date
2024-03-27T06:53:00.089Z [32minfo[39m: CRON Backup Job : Running Backup Job
2024-03-27T06:53:00.124Z [32minfo[39m: CRON Expiration Job : No Jobs in queue
2024-03-27T06:54:00.192Z [32minfo[39m: CRON Expiration Job : Checking for Expiration Date
2024-03-27T06:54:00.195Z [32minfo[39m: CRON Backup Job : Running Backup Job
2024-03-27T06:54:00.230Z [32minfo[39m: CRON Expiration Job : No Jobs in queue
2024-03-27T06:55:00.270Z [32minfo[39m: CRON Expiration Job : Checking for Expiration Date
2024-03-27T06:55:00.274Z [32minfo[39m: CRON Backup Job : Running Backup Job
2024-03-27T06:55:00.313Z [32minfo[39m: CRON Expiration Job : No Jobs in queue
2024-03-27T06:56:00.355Z [32minfo[39m: CRON Expiration Job : Checking for Expiration Date
2024-03-27T06:56:00.357Z [32minfo[39m: CRON Backup Job : Running Backup Job
2024-03-27T06:56:00.391Z [32minfo[39m: CRON Expiration Job : No Jobs in queue
2024-03-27T06:57:00.461Z [32minfo[39m: CRON Expiration Job : Checking for Expiration Date
2024-03-27T06:57:00.464Z [32minfo[39m: CRON Backup Job : Running Backup Job
2024-03-27T06:57:00.498Z [32minfo[39m: CRON Expiration Job : No Jobs in queue
2024-03-27T06:58:00.546Z [32minfo[39m: CRON Expiration Job : Checking for Expiration Date
2024-03-27T06:58:00.546Z [32minfo[39m: CRON Backup Job : Running Backup Job
2024-03-27T06:58:00.580Z [32minfo[39m: CRON Expiration Job : No Jobs in queue
2024-03-27T06:59:00.623Z [32minfo[39m: CRON Expiration Job : Checking for Expiration Date
2024-03-27T06:59:00.625Z [32minfo[39m: CRON Backup Job : Running Backup Job
2024-03-27T06:59:00.660Z [32minfo[39m: CRON Expiration Job : No Jobs in queue
2024-03-27T07:00:00.706Z [32minfo[39m: CRON Expiration Job : Checking for Expiration Date
2024-03-27T07:00:00.707Z [32minfo[39m: CRON Backup Job : Running Backup Job
2024-03-27T07:00:00.741Z [32minfo[39m: CRON Expiration Job : No Jobs in queue
2024-03-27T07:01:00.781Z [32minfo[39m: CRON Expiration Job : Checking for Expiration Date
2024-03-27T07:01:00.782Z [32minfo[39m: CRON Backup Job : Running Backup Job
2024-03-27T07:01:00.817Z [32minfo[39m: CRON Expiration Job : No Jobs in queue
2024-03-27T07:02:00.854Z [32minfo[39m: CRON Expiration Job : Checking for Expiration Date
2024-03-27T07:02:00.859Z [32minfo[39m: CRON Backup Job : Running Backup Job
2024-03-27T07:02:00.893Z [32minfo[39m: CRON Expiration Job : No Jobs in queue
2024-03-27T07:03:00.938Z [32minfo[39m: CRON Expiration Job : Checking for Expiration Date
2024-03-27T07:03:00.940Z [32minfo[39m: CRON Backup Job : Running Backup Job
2024-03-27T07:03:00.977Z [32minfo[39m: CRON Expiration Job : No Jobs in queue
2024-03-27T07:04:00.009Z [32minfo[39m: CRON Expiration Job : Checking for Expiration Date
2024-03-27T07:04:00.021Z [32minfo[39m: CRON Backup Job : Running Backup Job
2024-03-27T07:04:00.057Z [32minfo[39m: CRON Expiration Job : No Jobs in queue
2024-03-27T07:05:00.085Z [32minfo[39m: CRON Expiration Job : Checking for Expiration Date
2024-03-27T07:05:00.100Z [32minfo[39m: CRON Backup Job : Running Backup Job
2024-03-27T07:05:00.121Z [32minfo[39m: CRON Expiration Job : No Jobs in queue
2024-03-27T07:06:00.163Z [32minfo[39m: CRON Expiration Job : Checking for Expiration Date
2024-03-27T07:06:00.167Z [32minfo[39m: CRON Backup Job : Running Backup Job
2024-03-27T07:06:00.200Z [32minfo[39m: CRON Expiration Job : No Jobs in queue
2024-03-27T07:07:00.234Z [32minfo[39m: CRON Expiration Job : Checking for Expiration Date
2024-03-27T07:07:00.236Z [32minfo[39m: CRON Backup Job : Running Backup Job
2024-03-27T07:07:00.269Z [32minfo[39m: CRON Expiration Job : No Jobs in queue
2024-03-27T07:08:00.296Z [32minfo[39m: CRON Expiration Job : Checking for Expiration Date
2024-03-27T07:08:00.299Z [32minfo[39m: CRON Backup Job : Running Backup Job
2024-03-27T07:08:00.333Z [32minfo[39m: CRON Expiration Job : No Jobs in queue
2024-03-27T07:09:00.368Z [32minfo[39m: CRON Expiration Job : Checking for Expiration Date
2024-03-27T07:09:00.369Z [32minfo[39m: CRON Backup Job : Running Backup Job
2024-03-27T07:09:00.403Z [32minfo[39m: CRON Expiration Job : No Jobs in queue
2024-03-27T07:09:10.023Z [32minfo[39m: Connected to MongoDB
2024-03-27T07:09:10.026Z [32minfo[39m: Server started successfully
2024-03-27T07:09:10.026Z [32minfo[39m: CDW Swag server running on port 3222
2024-03-27T07:09:10.406Z [32minfo[39m: CRON Jobs Started
2024-03-27T07:09:10.407Z [32minfo[39m: Successfully called the cron jobs.
2024-03-27T07:10:00.467Z [32minfo[39m: CRON Expiration Job : Checking for Expiration Date
2024-03-27T07:10:00.471Z [32minfo[39m: CRON Backup Job : Running Backup Job
2024-03-27T07:10:00.499Z [32minfo[39m: CRON Expiration Job : No Jobs in queue
2024-03-27T07:11:00.541Z [32minfo[39m: CRON Expiration Job : Checking for Expiration Date
2024-03-27T07:11:00.544Z [32minfo[39m: CRON Backup Job : Running Backup Job
2024-03-27T07:11:00.571Z [32minfo[39m: CRON Expiration Job : No Jobs in queue
2024-03-27T07:12:00.617Z [32minfo[39m: CRON Expiration Job : Checking for Expiration Date
2024-03-27T07:12:00.620Z [32minfo[39m: CRON Backup Job : Running Backup Job
2024-03-27T07:12:00.649Z [32minfo[39m: CRON Expiration Job : No Jobs in queue
2024-03-27T07:13:00.686Z [32minfo[39m: CRON Expiration Job : Checking for Expiration Date
2024-03-27T07:13:00.689Z [32minfo[39m: CRON Backup Job : Running Backup Job
2024-03-27T07:13:00.722Z [32minfo[39m: CRON Expiration Job : No Jobs in queue
2024-03-27T07:14:00.768Z [32minfo[39m: CRON Expiration Job : Checking for Expiration Date
2024-03-27T07:14:00.774Z [32minfo[39m: CRON Backup Job : Running Backup Job
2024-03-27T07:14:00.808Z [32minfo[39m: CRON Expiration Job : No Jobs in queue
2024-03-27T07:15:00.856Z [32minfo[39m: CRON Expiration Job : Checking for Expiration Date
2024-03-27T07:15:00.866Z [32minfo[39m: CRON Backup Job : Running Backup Job
2024-03-27T07:15:00.900Z [32minfo[39m: CRON Expiration Job : No Jobs in queue
2024-03-27T07:16:00.952Z [32minfo[39m: CRON Expiration Job : Checking for Expiration Date
2024-03-27T07:16:00.954Z [32minfo[39m: CRON Backup Job : Running Backup Job
2024-03-27T07:16:00.989Z [32minfo[39m: CRON Expiration Job : No Jobs in queue
2024-03-27T07:17:00.031Z [32minfo[39m: CRON Expiration Job : Checking for Expiration Date
2024-03-27T07:17:00.035Z [32minfo[39m: CRON Backup Job : Running Backup Job
2024-03-27T07:17:00.079Z [32minfo[39m: CRON Expiration Job : No Jobs in queue
2024-03-27T07:18:00.119Z [32minfo[39m: CRON Expiration Job : Checking for Expiration Date
2024-03-27T07:18:00.126Z [32minfo[39m: CRON Backup Job : Running Backup Job
2024-03-27T07:18:00.161Z [32minfo[39m: CRON Expiration Job : No Jobs in queue
2024-03-27T07:19:00.224Z [32minfo[39m: CRON Expiration Job : Checking for Expiration Date
2024-03-27T07:19:00.227Z [32minfo[39m: CRON Backup Job : Running Backup Job
2024-03-27T07:19:00.262Z [32minfo[39m: CRON Expiration Job : No Jobs in queue
2024-03-27T07:20:00.315Z [32minfo[39m: CRON Expiration Job : Checking for Expiration Date
2024-03-27T07:20:00.318Z [32minfo[39m: CRON Backup Job : Running Backup Job
2024-03-27T07:20:00.355Z [32minfo[39m: CRON Expiration Job : No Jobs in queue
2024-03-27T07:21:00.404Z [32minfo[39m: CRON Expiration Job : Checking for Expiration Date
2024-03-27T07:21:00.406Z [32minfo[39m: CRON Backup Job : Running Backup Job
2024-03-27T07:21:00.441Z [32minfo[39m: CRON Expiration Job : No Jobs in queue
2024-03-27T07:22:00.493Z [32minfo[39m: CRON Expiration Job : Checking for Expiration Date
2024-03-27T07:22:00.500Z [32minfo[39m: CRON Backup Job : Running Backup Job
2024-03-27T07:22:00.533Z [32minfo[39m: CRON Expiration Job : No Jobs in queue
2024-03-27T07:22:56.429Z [32minfo[39m: Connected to MongoDB
2024-03-27T07:22:56.434Z [32minfo[39m: Server started successfully
2024-03-27T07:22:56.434Z [32minfo[39m: CDW Swag server running on port 3222
2024-03-27T07:22:56.825Z [32minfo[39m: CRON Jobs Started
2024-03-27T07:22:56.825Z [32minfo[39m: Successfully called the cron jobs.
2024-03-27T07:23:00.830Z [32minfo[39m: CRON Expiration Job : Checking for Expiration Date
2024-03-27T07:23:00.832Z [32minfo[39m: CRON Backup Job : Running Backup Job
2024-03-27T07:23:00.865Z [32minfo[39m: CRON Expiration Job : No Jobs in queue
2024-03-27T07:24:00.918Z [32minfo[39m: CRON Expiration Job : Checking for Expiration Date
2024-03-27T07:24:00.921Z [32minfo[39m: CRON Backup Job : Running Backup Job
2024-03-27T07:24:00.956Z [32minfo[39m: CRON Expiration Job : No Jobs in queue
2024-03-27T07:25:00.011Z [32minfo[39m: CRON Expiration Job : Checking for Expiration Date
2024-03-27T07:25:00.016Z [32minfo[39m: CRON Backup Job : Running Backup Job
2024-03-27T07:25:00.049Z [32minfo[39m: CRON Expiration Job : No Jobs in queue
2024-03-27T07:26:00.105Z [32minfo[39m: CRON Expiration Job : Checking for Expiration Date
2024-03-27T07:26:00.108Z [32minfo[39m: CRON Backup Job : Running Backup Job
2024-03-27T07:26:00.141Z [32minfo[39m: CRON Expiration Job : No Jobs in queue
2024-03-27T07:27:00.195Z [32minfo[39m: CRON Expiration Job : Checking for Expiration Date
2024-03-27T07:27:00.197Z [32minfo[39m: CRON Backup Job : Running Backup Job
2024-03-27T07:27:00.231Z [32minfo[39m: CRON Expiration Job : No Jobs in queue
2024-03-27T07:28:00.279Z [32minfo[39m: CRON Expiration Job : Checking for Expiration Date
2024-03-27T07:28:00.282Z [32minfo[39m: CRON Backup Job : Running Backup Job
2024-03-27T07:28:00.318Z [32minfo[39m: CRON Expiration Job : No Jobs in queue
2024-03-27T07:29:00.351Z [32minfo[39m: CRON Expiration Job : Checking for Expiration Date
2024-03-27T07:29:00.353Z [32minfo[39m: CRON Backup Job : Running Backup Job
2024-03-27T07:29:00.389Z [32minfo[39m: CRON Expiration Job : No Jobs in queue
2024-03-27T07:30:00.424Z [32minfo[39m: CRON Expiration Job : Checking for Expiration Date
2024-03-27T07:30:00.427Z [32minfo[39m: CRON Backup Job : Running Backup Job
2024-03-27T07:30:00.466Z [32minfo[39m: CRON Expiration Job : No Jobs in queue
2024-03-27T07:31:00.496Z [32minfo[39m: CRON Expiration Job : Checking for Expiration Date
2024-03-27T07:31:00.498Z [32minfo[39m: CRON Backup Job : Running Backup Job
2024-03-27T07:31:00.536Z [32minfo[39m: CRON Expiration Job : No Jobs in queue
2024-03-27T07:32:00.571Z [32minfo[39m: CRON Expiration Job : Checking for Expiration Date
2024-03-27T07:32:00.576Z [32minfo[39m: CRON Backup Job : Running Backup Job
2024-03-27T07:32:00.612Z [32minfo[39m: CRON Expiration Job : No Jobs in queue
2024-03-27T07:33:00.663Z [32minfo[39m: CRON Expiration Job : Checking for Expiration Date
2024-03-27T07:33:00.667Z [32minfo[39m: CRON Backup Job : Running Backup Job
2024-03-27T07:33:00.704Z [32minfo[39m: CRON Expiration Job : No Jobs in queue
2024-03-27T07:34:00.737Z [32minfo[39m: CRON Expiration Job : Checking for Expiration Date
2024-03-27T07:34:00.744Z [32minfo[39m: CRON Backup Job : Running Backup Job
2024-03-27T07:34:00.778Z [32minfo[39m: CRON Expiration Job : No Jobs in queue
2024-03-27T07:35:00.826Z [32minfo[39m: CRON Expiration Job : Checking for Expiration Date
2024-03-27T07:35:00.828Z [32minfo[39m: CRON Backup Job : Running Backup Job
2024-03-27T07:35:00.864Z [32minfo[39m: CRON Expiration Job : No Jobs in queue
2024-03-27T07:36:00.905Z [32minfo[39m: CRON Expiration Job : Checking for Expiration Date
2024-03-27T07:36:00.908Z [32minfo[39m: CRON Backup Job : Running Backup Job
2024-03-27T07:36:00.943Z [32minfo[39m: CRON Expiration Job : No Jobs in queue
2024-03-27T07:37:00.982Z [32minfo[39m: CRON Expiration Job : Checking for Expiration Date
2024-03-27T07:37:00.986Z [32minfo[39m: CRON Backup Job : Running Backup Job
2024-03-27T07:37:01.025Z [32minfo[39m: CRON Expiration Job : No Jobs in queue
2024-03-27T07:38:00.041Z [32minfo[39m: CRON Expiration Job : Checking for Expiration Date
2024-03-27T07:38:00.044Z [32minfo[39m: CRON Backup Job : Running Backup Job
2024-03-27T07:38:00.080Z [32minfo[39m: CRON Expiration Job : No Jobs in queue
2024-03-27T07:39:00.117Z [32minfo[39m: CRON Expiration Job : Checking for Expiration Date
2024-03-27T07:39:00.120Z [32minfo[39m: CRON Backup Job : Running Backup Job
2024-03-27T07:39:00.155Z [32minfo[39m: CRON Expiration Job : No Jobs in queue
2024-03-27T07:40:00.201Z [32minfo[39m: CRON Expiration Job : Checking for Expiration Date
2024-03-27T07:40:00.203Z [32minfo[39m: CRON Backup Job : Running Backup Job
2024-03-27T07:40:00.242Z [32minfo[39m: CRON Expiration Job : No Jobs in queue
2024-03-27T07:41:00.280Z [32minfo[39m: CRON Expiration Job : Checking for Expiration Date
2024-03-27T07:41:00.282Z [32minfo[39m: CRON Backup Job : Running Backup Job
2024-03-27T07:41:00.318Z [32minfo[39m: CRON Expiration Job : No Jobs in queue
2024-03-27T07:42:00.358Z [32minfo[39m: CRON Expiration Job : Checking for Expiration Date
2024-03-27T07:42:00.360Z [32minfo[39m: CRON Backup Job : Running Backup Job
2024-03-27T07:42:00.399Z [32minfo[39m: CRON Expiration Job : No Jobs in queue
2024-03-27T07:43:00.438Z [32minfo[39m: CRON Expiration Job : Checking for Expiration Date
2024-03-27T07:43:00.440Z [32minfo[39m: CRON Backup Job : Running Backup Job
2024-03-27T07:43:00.475Z [32minfo[39m: CRON Expiration Job : No Jobs in queue
2024-03-27T07:44:00.507Z [32minfo[39m: CRON Expiration Job : Checking for Expiration Date
2024-03-27T07:44:00.509Z [32minfo[39m: CRON Backup Job : Running Backup Job
2024-03-27T07:44:00.547Z [32minfo[39m: CRON Expiration Job : No Jobs in queue
2024-03-27T07:45:00.582Z [32minfo[39m: CRON Expiration Job : Checking for Expiration Date
2024-03-27T07:45:00.584Z [32minfo[39m: CRON Backup Job : Running Backup Job
2024-03-27T07:45:00.620Z [32minfo[39m: CRON Expiration Job : No Jobs in queue
2024-03-27T07:46:00.658Z [32minfo[39m: CRON Expiration Job : Checking for Expiration Date
2024-03-27T07:46:00.660Z [32minfo[39m: CRON Backup Job : Running Backup Job
2024-03-27T07:46:00.695Z [32minfo[39m: CRON Expiration Job : No Jobs in queue
2024-03-27T07:47:00.727Z [32minfo[39m: CRON Expiration Job : Checking for Expiration Date
2024-03-27T07:47:00.729Z [32minfo[39m: CRON Backup Job : Running Backup Job
2024-03-27T07:47:00.762Z [32minfo[39m: CRON Expiration Job : No Jobs in queue
2024-03-27T07:48:00.801Z [32minfo[39m: CRON Expiration Job : Checking for Expiration Date
2024-03-27T07:48:00.803Z [32minfo[39m: CRON Backup Job : Running Backup Job
2024-03-27T07:48:00.840Z [32minfo[39m: CRON Expiration Job : No Jobs in queue
2024-03-27T07:49:00.880Z [32minfo[39m: CRON Expiration Job : Checking for Expiration Date
2024-03-27T07:49:00.886Z [32minfo[39m: CRON Backup Job : Running Backup Job
2024-03-27T07:49:00.925Z [32minfo[39m: CRON Expiration Job : No Jobs in queue
2024-03-27T07:50:00.964Z [32minfo[39m: CRON Expiration Job : Checking for Expiration Date
2024-03-27T07:50:00.966Z [32minfo[39m: CRON Backup Job : Running Backup Job
2024-03-27T07:50:01.002Z [32minfo[39m: CRON Expiration Job : No Jobs in queue
2024-03-27T07:51:00.036Z [32minfo[39m: CRON Expiration Job : Checking for Expiration Date
2024-03-27T07:51:00.039Z [32minfo[39m: CRON Backup Job : Running Backup Job
2024-03-27T07:51:00.075Z [32minfo[39m: CRON Expiration Job : No Jobs in queue
2024-03-27T07:52:00.112Z [32minfo[39m: CRON Expiration Job : Checking for Expiration Date
2024-03-27T07:52:00.118Z [32minfo[39m: CRON Backup Job : Running Backup Job
2024-03-27T07:52:00.153Z [32minfo[39m: CRON Expiration Job : No Jobs in queue
2024-03-27T07:53:00.207Z [32minfo[39m: CRON Expiration Job : Checking for Expiration Date
2024-03-27T07:53:00.212Z [32minfo[39m: CRON Backup Job : Running Backup Job
2024-03-27T07:53:00.250Z [32minfo[39m: CRON Expiration Job : No Jobs in queue
2024-03-27T07:54:00.294Z [32minfo[39m: CRON Expiration Job : Checking for Expiration Date
2024-03-27T07:54:00.300Z [32minfo[39m: CRON Backup Job : Running Backup Job
2024-03-27T07:54:00.339Z [32minfo[39m: CRON Expiration Job : No Jobs in queue
2024-03-27T07:55:00.379Z [32minfo[39m: CRON Expiration Job : Checking for Expiration Date
2024-03-27T07:55:00.384Z [32minfo[39m: CRON Backup Job : Running Backup Job
2024-03-27T07:55:00.423Z [32minfo[39m: CRON Expiration Job : No Jobs in queue
2024-03-27T07:56:00.464Z [32minfo[39m: CRON Expiration Job : Checking for Expiration Date
2024-03-27T07:56:00.467Z [32minfo[39m: CRON Backup Job : Running Backup Job
2024-03-27T07:56:00.504Z [32minfo[39m: CRON Expiration Job : No Jobs in queue
2024-03-27T07:57:00.567Z [32minfo[39m: CRON Expiration Job : Checking for Expiration Date
2024-03-27T07:57:00.572Z [32minfo[39m: CRON Backup Job : Running Backup Job
2024-03-27T07:57:00.606Z [32minfo[39m: CRON Expiration Job : No Jobs in queue
2024-03-27T07:58:00.659Z [32minfo[39m: CRON Expiration Job : Checking for Expiration Date
2024-03-27T07:58:00.665Z [32minfo[39m: CRON Backup Job : Running Backup Job
2024-03-27T07:58:00.715Z [32minfo[39m: CRON Expiration Job : No Jobs in queue
2024-03-27T07:59:00.740Z [32minfo[39m: CRON Expiration Job : Checking for Expiration Date
2024-03-27T07:59:00.742Z [32minfo[39m: CRON Backup Job : Running Backup Job
2024-03-27T07:59:00.777Z [32minfo[39m: CRON Expiration Job : No Jobs in queue
2024-03-27T08:00:00.843Z [32minfo[39m: CRON Expiration Job : Checking for Expiration Date
2024-03-27T08:00:00.846Z [32minfo[39m: CRON Backup Job : Running Backup Job
2024-03-27T08:00:00.881Z [32minfo[39m: CRON Expiration Job : No Jobs in queue
2024-03-27T08:01:00.947Z [32minfo[39m: CRON Expiration Job : Checking for Expiration Date
2024-03-27T08:01:00.948Z [32minfo[39m: CRON Backup Job : Running Backup Job
2024-03-27T08:01:00.984Z [32minfo[39m: CRON Expiration Job : No Jobs in queue
2024-03-27T08:02:00.047Z [32minfo[39m: CRON Expiration Job : Checking for Expiration Date
2024-03-27T08:02:00.051Z [32minfo[39m: CRON Backup Job : Running Backup Job
2024-03-27T08:02:00.086Z [32minfo[39m: CRON Expiration Job : No Jobs in queue
2024-03-27T08:03:00.135Z [32minfo[39m: CRON Expiration Job : Checking for Expiration Date
2024-03-27T08:03:00.137Z [32minfo[39m: CRON Backup Job : Running Backup Job
2024-03-27T08:03:00.172Z [32minfo[39m: CRON Expiration Job : No Jobs in queue
2024-03-27T08:04:00.240Z [32minfo[39m: CRON Expiration Job : Checking for Expiration Date
2024-03-27T08:04:00.245Z [32minfo[39m: CRON Backup Job : Running Backup Job
2024-03-27T08:04:00.281Z [32minfo[39m: CRON Expiration Job : No Jobs in queue
2024-03-27T08:04:36.408Z [32minfo[39m: Connected to MongoDB
2024-03-27T08:04:36.412Z [32minfo[39m: Server started successfully
2024-03-27T08:04:36.412Z [32minfo[39m: CDW Swag server running on port 3222
2024-03-27T08:04:36.859Z [32minfo[39m: CRON Jobs Started
2024-03-27T08:04:36.860Z [32minfo[39m: Successfully called the cron jobs.
2024-03-27T08:04:53.589Z [32minfo[39m: Connected to MongoDB
2024-03-27T08:04:53.596Z [32minfo[39m: Server started successfully
2024-03-27T08:04:53.597Z [32minfo[39m: CDW Swag server running on port 3222
2024-03-27T08:04:54.042Z [32minfo[39m: CRON Jobs Started
2024-03-27T08:04:54.042Z [32minfo[39m: Successfully called the cron jobs.
2024-03-27T08:05:00.049Z [32minfo[39m: CRON Expiration Job : Checking for Expiration Date
2024-03-27T08:05:00.051Z [32minfo[39m: CRON Backup Job : Running Backup Job
2024-03-27T08:05:00.086Z [32minfo[39m: CRON Expiration Job : No Jobs in queue
2024-03-27T08:06:00.153Z [32minfo[39m: CRON Expiration Job : Checking for Expiration Date
2024-03-27T08:06:00.158Z [32minfo[39m: CRON Backup Job : Running Backup Job
2024-03-27T08:06:00.193Z [32minfo[39m: CRON Expiration Job : No Jobs in queue
2024-03-27T08:07:00.258Z [32minfo[39m: CRON Expiration Job : Checking for Expiration Date
2024-03-27T08:07:00.260Z [32minfo[39m: CRON Backup Job : Running Backup Job
2024-03-27T08:07:00.296Z [32minfo[39m: CRON Expiration Job : No Jobs in queue
2024-03-27T08:08:00.359Z [32minfo[39m: CRON Expiration Job : Checking for Expiration Date
2024-03-27T08:08:00.365Z [32minfo[39m: CRON Backup Job : Running Backup Job
2024-03-27T08:08:00.400Z [32minfo[39m: CRON Expiration Job : No Jobs in queue
2024-03-27T08:09:00.476Z [32minfo[39m: CRON Expiration Job : Checking for Expiration Date
2024-03-27T08:09:00.482Z [32minfo[39m: CRON Backup Job : Running Backup Job
2024-03-27T08:09:00.519Z [32minfo[39m: CRON Expiration Job : No Jobs in queue
2024-03-27T08:10:00.569Z [32minfo[39m: CRON Expiration Job : Checking for Expiration Date
2024-03-27T08:10:00.571Z [32minfo[39m: CRON Backup Job : Running Backup Job
2024-03-27T08:10:00.606Z [32minfo[39m: CRON Expiration Job : No Jobs in queue
2024-03-27T08:11:00.671Z [32minfo[39m: CRON Expiration Job : Checking for Expiration Date
2024-03-27T08:11:00.673Z [32minfo[39m: CRON Backup Job : Running Backup Job
2024-03-27T08:11:00.710Z [32minfo[39m: CRON Expiration Job : No Jobs in queue
2024-03-27T08:12:00.772Z [32minfo[39m: CRON Expiration Job : Checking for Expiration Date
2024-03-27T08:12:00.775Z [32minfo[39m: CRON Backup Job : Running Backup Job
2024-03-27T08:12:00.808Z [32minfo[39m: CRON Expiration Job : No Jobs in queue
2024-03-27T08:13:00.849Z [32minfo[39m: CRON Expiration Job : Checking for Expiration Date
2024-03-27T08:13:00.851Z [32minfo[39m: CRON Backup Job : Running Backup Job
2024-03-27T08:13:00.886Z [32minfo[39m: CRON Expiration Job : No Jobs in queue
2024-03-27T08:14:00.938Z [32minfo[39m: CRON Expiration Job : Checking for Expiration Date
2024-03-27T08:14:00.940Z [32minfo[39m: CRON Backup Job : Running Backup Job
2024-03-27T08:14:00.976Z [32minfo[39m: CRON Expiration Job : No Jobs in queue
2024-03-27T08:15:00.026Z [32minfo[39m: CRON Expiration Job : Checking for Expiration Date
2024-03-27T08:15:00.029Z [32minfo[39m: CRON Backup Job : Running Backup Job
2024-03-27T08:15:00.063Z [32minfo[39m: CRON Expiration Job : No Jobs in queue
2024-03-27T08:16:00.127Z [32minfo[39m: CRON Expiration Job : Checking for Expiration Date
2024-03-27T08:16:00.135Z [32minfo[39m: CRON Backup Job : Running Backup Job
2024-03-27T08:16:00.180Z [32minfo[39m: CRON Expiration Job : No Jobs in queue
2024-03-27T08:17:00.218Z [32minfo[39m: CRON Expiration Job : Checking for Expiration Date
2024-03-27T08:17:00.220Z [32minfo[39m: CRON Backup Job : Running Backup Job
2024-03-27T08:17:00.254Z [32minfo[39m: CRON Expiration Job : No Jobs in queue
2024-03-27T08:18:00.316Z [32minfo[39m: CRON Expiration Job : Checking for Expiration Date
2024-03-27T08:18:00.325Z [32minfo[39m: CRON Backup Job : Running Backup Job
2024-03-27T08:18:00.358Z [32minfo[39m: CRON Expiration Job : No Jobs in queue
2024-03-27T08:19:00.402Z [32minfo[39m: CRON Expiration Job : Checking for Expiration Date
2024-03-27T08:19:00.403Z [32minfo[39m: CRON Backup Job : Running Backup Job
2024-03-27T08:19:00.437Z [32minfo[39m: CRON Expiration Job : No Jobs in queue
2024-03-27T08:20:00.497Z [32minfo[39m: CRON Expiration Job : Checking for Expiration Date
2024-03-27T08:20:00.500Z [32minfo[39m: CRON Backup Job : Running Backup Job
2024-03-27T08:20:00.534Z [32minfo[39m: CRON Expiration Job : No Jobs in queue
2024-03-27T08:21:00.590Z [32minfo[39m: CRON Expiration Job : Checking for Expiration Date
2024-03-27T08:21:00.591Z [32minfo[39m: CRON Backup Job : Running Backup Job
2024-03-27T08:21:00.625Z [32minfo[39m: CRON Expiration Job : No Jobs in queue
2024-03-27T08:22:00.680Z [32minfo[39m: CRON Expiration Job : Checking for Expiration Date
2024-03-27T08:22:00.684Z [32minfo[39m: CRON Backup Job : Running Backup Job
2024-03-27T08:22:00.716Z [32minfo[39m: CRON Expiration Job : No Jobs in queue
2024-03-27T08:22:59.108Z [32minfo[39m: Connected to MongoDB
2024-03-27T08:22:59.118Z [32minfo[39m: Server started successfully
2024-03-27T08:22:59.119Z [32minfo[39m: CDW Swag server running on port 3222
2024-03-27T08:22:59.589Z [32minfo[39m: CRON Jobs Started
2024-03-27T08:22:59.590Z [32minfo[39m: Successfully called the cron jobs.
2024-03-27T08:23:00.592Z [32minfo[39m: CRON Expiration Job : Checking for Expiration Date
2024-03-27T08:23:00.598Z [32minfo[39m: CRON Backup Job : Running Backup Job
2024-03-27T08:23:00.632Z [32minfo[39m: CRON Expiration Job : No Jobs in queue
2024-03-27T08:23:09.919Z [32minfo[39m: Connected to MongoDB
2024-03-27T08:23:09.922Z [32minfo[39m: Server started successfully
2024-03-27T08:23:09.922Z [32minfo[39m: CDW Swag server running on port 3222
2024-03-27T08:23:10.344Z [32minfo[39m: CRON Jobs Started
2024-03-27T08:23:10.344Z [32minfo[39m: Successfully called the cron jobs.
2024-03-27T08:24:00.426Z [32minfo[39m: CRON Expiration Job : Checking for Expiration Date
2024-03-27T08:24:00.431Z [32minfo[39m: CRON Backup Job : Running Backup Job
2024-03-27T08:24:00.467Z [32minfo[39m: CRON Expiration Job : No Jobs in queue
2024-03-27T08:24:26.788Z [32minfo[39m: Connected to MongoDB
2024-03-27T08:24:26.793Z [32minfo[39m: Server started successfully
2024-03-27T08:24:26.793Z [32minfo[39m: CDW Swag server running on port 3222
2024-03-27T08:24:27.224Z [32minfo[39m: CRON Jobs Started
2024-03-27T08:24:27.225Z [32minfo[39m: Successfully called the cron jobs.
2024-03-27T08:25:05.465Z [32minfo[39m: Connected to MongoDB
2024-03-27T08:25:05.470Z [32minfo[39m: Server started successfully
2024-03-27T08:25:05.470Z [32minfo[39m: CDW Swag server running on port 3333
2024-03-27T08:25:05.910Z [32minfo[39m: CRON Jobs Started
2024-03-27T08:25:05.910Z [32minfo[39m: Successfully called the cron jobs.
2024-03-27T08:26:35.569Z [32minfo[39m: Connected to MongoDB
2024-03-27T08:26:35.574Z [32minfo[39m: Server started successfully
2024-03-27T08:26:35.574Z [32minfo[39m: CDW Swag server running on port 3333
2024-03-27T08:26:35.987Z [32minfo[39m: CRON Jobs Started
2024-03-27T08:26:35.988Z [32minfo[39m: Successfully called the cron jobs.
2024-03-27T08:27:00.029Z [32minfo[39m: CRON Expiration Job : Checking for Expiration Date
2024-03-27T08:27:00.035Z [32minfo[39m: CRON Backup Job : Running Backup Job
2024-03-27T08:27:00.064Z [32minfo[39m: CRON Expiration Job : No Jobs in queue
2024-03-27T08:28:00.150Z [32minfo[39m: CRON Expiration Job : Checking for Expiration Date
2024-03-27T08:28:00.155Z [32minfo[39m: CRON Backup Job : Running Backup Job
2024-03-27T08:28:00.189Z [32minfo[39m: CRON Expiration Job : No Jobs in queue
2024-03-27T08:29:00.251Z [32minfo[39m: CRON Expiration Job : Checking for Expiration Date
2024-03-27T08:29:00.254Z [32minfo[39m: CRON Backup Job : Running Backup Job
2024-03-27T08:29:00.287Z [32minfo[39m: CRON Expiration Job : No Jobs in queue
2024-03-27T08:29:49.564Z [32minfo[39m: Connected to MongoDB
2024-03-27T08:29:49.569Z [32minfo[39m: Server started successfully
2024-03-27T08:29:49.570Z [32minfo[39m: CDW Swag server running on port 3333
2024-03-27T08:29:49.993Z [32minfo[39m: CRON Jobs Started
2024-03-27T08:29:49.994Z [32minfo[39m: Successfully called the cron jobs.
2024-03-27T08:30:00.006Z [32minfo[39m: CRON Expiration Job : Checking for Expiration Date
2024-03-27T08:30:00.008Z [32minfo[39m: CRON Backup Job : Running Backup Job
2024-03-27T08:30:00.042Z [32minfo[39m: CRON Expiration Job : No Jobs in queue
2024-03-27T08:31:00.099Z [32minfo[39m: CRON Expiration Job : Checking for Expiration Date
2024-03-27T08:31:00.102Z [32minfo[39m: CRON Backup Job : Running Backup Job
2024-03-27T08:31:00.136Z [32minfo[39m: CRON Expiration Job : No Jobs in queue
2024-03-27T08:32:00.204Z [32minfo[39m: CRON Expiration Job : Checking for Expiration Date
2024-03-27T08:32:00.209Z [32minfo[39m: CRON Backup Job : Running Backup Job
2024-03-27T08:32:00.244Z [32minfo[39m: CRON Expiration Job : No Jobs in queue
2024-03-27T08:33:00.323Z [32minfo[39m: CRON Expiration Job : Checking for Expiration Date
2024-03-27T08:33:00.328Z [32minfo[39m: CRON Backup Job : Running Backup Job
2024-03-27T08:33:00.361Z [32minfo[39m: CRON Expiration Job : No Jobs in queue
2024-03-27T08:34:00.421Z [32minfo[39m: CRON Expiration Job : Checking for Expiration Date
2024-03-27T08:34:00.426Z [32minfo[39m: CRON Backup Job : Running Backup Job
2024-03-27T08:34:00.463Z [32minfo[39m: CRON Expiration Job : No Jobs in queue
2024-03-27T08:35:00.518Z [32minfo[39m: CRON Expiration Job : Checking for Expiration Date
2024-03-27T08:35:00.523Z [32minfo[39m: CRON Backup Job : Running Backup Job
2024-03-27T08:35:00.559Z [32minfo[39m: CRON Expiration Job : No Jobs in queue
2024-03-27T08:36:00.607Z [32minfo[39m: CRON Expiration Job : Checking for Expiration Date
2024-03-27T08:36:00.611Z [32minfo[39m: CRON Backup Job : Running Backup Job
2024-03-27T08:36:00.650Z [32minfo[39m: CRON Expiration Job : No Jobs in queue
2024-03-27T08:37:00.697Z [32minfo[39m: CRON Expiration Job : Checking for Expiration Date
2024-03-27T08:37:00.703Z [32minfo[39m: CRON Backup Job : Running Backup Job
2024-03-27T08:37:00.739Z [32minfo[39m: CRON Expiration Job : No Jobs in queue
2024-03-27T08:38:00.785Z [32minfo[39m: CRON Expiration Job : Checking for Expiration Date
2024-03-27T08:38:00.787Z [32minfo[39m: CRON Backup Job : Running Backup Job
2024-03-27T08:38:00.824Z [32minfo[39m: CRON Expiration Job : No Jobs in queue
2024-03-27T08:41:00.524Z [32minfo[39m: CRON Expiration Job : Checking for Expiration Date
2024-03-27T08:41:00.536Z [32minfo[39m: CRON Backup Job : Running Backup Job
2024-03-27T08:41:00.751Z [32minfo[39m: CRON Expiration Job : No Jobs in queue
2024-03-27T08:42:00.625Z [32minfo[39m: CRON Expiration Job : Checking for Expiration Date
2024-03-27T08:42:00.631Z [32minfo[39m: CRON Backup Job : Running Backup Job
2024-03-27T08:42:00.768Z [32minfo[39m: CRON Expiration Job : No Jobs in queue
2024-03-27T08:43:00.709Z [32minfo[39m: CRON Expiration Job : Checking for Expiration Date
2024-03-27T08:43:00.713Z [32minfo[39m: CRON Backup Job : Running Backup Job
2024-03-27T08:43:00.740Z [32minfo[39m: CRON Expiration Job : No Jobs in queue
2024-03-27T08:44:00.814Z [32minfo[39m: CRON Expiration Job : Checking for Expiration Date
2024-03-27T08:44:00.819Z [32minfo[39m: CRON Backup Job : Running Backup Job
2024-03-27T08:44:00.847Z [32minfo[39m: CRON Expiration Job : No Jobs in queue
2024-03-27T08:45:00.931Z [32minfo[39m: CRON Expiration Job : Checking for Expiration Date
2024-03-27T08:45:00.942Z [32minfo[39m: CRON Backup Job : Running Backup Job
2024-03-27T08:45:00.969Z [32minfo[39m: CRON Expiration Job : No Jobs in queue
2024-03-27T08:46:00.029Z [32minfo[39m: CRON Expiration Job : Checking for Expiration Date
2024-03-27T08:46:00.034Z [32minfo[39m: CRON Backup Job : Running Backup Job
2024-03-27T08:46:00.061Z [32minfo[39m: CRON Expiration Job : No Jobs in queue
2024-03-27T08:47:00.121Z [32minfo[39m: CRON Expiration Job : Checking for Expiration Date
2024-03-27T08:47:00.130Z [32minfo[39m: CRON Backup Job : Running Backup Job
2024-03-27T08:47:00.155Z [32minfo[39m: CRON Expiration Job : No Jobs in queue
2024-03-27T08:48:00.225Z [32minfo[39m: CRON Expiration Job : Checking for Expiration Date
2024-03-27T08:48:00.231Z [32minfo[39m: CRON Backup Job : Running Backup Job
2024-03-27T08:48:00.259Z [32minfo[39m: CRON Expiration Job : No Jobs in queue
2024-03-27T08:49:00.329Z [32minfo[39m: CRON Expiration Job : Checking for Expiration Date
2024-03-27T08:49:00.335Z [32minfo[39m: CRON Backup Job : Running Backup Job
2024-03-27T08:49:00.361Z [32minfo[39m: CRON Expiration Job : No Jobs in queue
2024-03-27T08:50:00.431Z [32minfo[39m: CRON Expiration Job : Checking for Expiration Date
2024-03-27T08:50:00.433Z [32minfo[39m: CRON Backup Job : Running Backup Job
2024-03-27T08:50:00.461Z [32minfo[39m: CRON Expiration Job : No Jobs in queue
2024-03-27T08:51:00.522Z [32minfo[39m: CRON Expiration Job : Checking for Expiration Date
2024-03-27T08:51:00.527Z [32minfo[39m: CRON Backup Job : Running Backup Job
2024-03-27T08:51:00.556Z [32minfo[39m: CRON Expiration Job : No Jobs in queue
2024-03-27T08:52:00.623Z [32minfo[39m: CRON Expiration Job : Checking for Expiration Date
2024-03-27T08:52:00.628Z [32minfo[39m: CRON Backup Job : Running Backup Job
2024-03-27T08:52:00.656Z [32minfo[39m: CRON Expiration Job : No Jobs in queue
2024-03-27T08:53:00.716Z [32minfo[39m: CRON Expiration Job : Checking for Expiration Date
2024-03-27T08:53:00.719Z [32minfo[39m: CRON Backup Job : Running Backup Job
2024-03-27T08:53:00.745Z [32minfo[39m: CRON Expiration Job : No Jobs in queue
2024-03-27T08:54:00.815Z [32minfo[39m: CRON Expiration Job : Checking for Expiration Date
2024-03-27T08:54:00.820Z [32minfo[39m: CRON Backup Job : Running Backup Job
2024-03-27T08:54:00.849Z [32minfo[39m: CRON Expiration Job : No Jobs in queue
2024-03-27T08:55:00.916Z [32minfo[39m: CRON Expiration Job : Checking for Expiration Date
2024-03-27T08:55:00.921Z [32minfo[39m: CRON Backup Job : Running Backup Job
2024-03-27T08:55:00.949Z [32minfo[39m: CRON Expiration Job : No Jobs in queue
2024-03-27T08:56:00.012Z [32minfo[39m: CRON Expiration Job : Checking for Expiration Date
2024-03-27T08:56:00.019Z [32minfo[39m: CRON Backup Job : Running Backup Job
2024-03-27T08:56:00.047Z [32minfo[39m: CRON Expiration Job : No Jobs in queue
2024-03-27T08:57:00.101Z [32minfo[39m: CRON Expiration Job : Checking for Expiration Date
2024-03-27T08:57:00.104Z [32minfo[39m: CRON Backup Job : Running Backup Job
2024-03-27T08:57:00.136Z [32minfo[39m: CRON Expiration Job : No Jobs in queue
2024-03-27T08:58:00.187Z [32minfo[39m: CRON Expiration Job : Checking for Expiration Date
2024-03-27T08:58:00.194Z [32minfo[39m: CRON Backup Job : Running Backup Job
2024-03-27T08:58:00.222Z [32minfo[39m: CRON Expiration Job : No Jobs in queue
2024-03-27T08:59:00.282Z [32minfo[39m: CRON Expiration Job : Checking for Expiration Date
2024-03-27T08:59:00.291Z [32minfo[39m: CRON Backup Job : Running Backup Job
2024-03-27T08:59:00.318Z [32minfo[39m: CRON Expiration Job : No Jobs in queue
2024-03-27T09:00:00.364Z [32minfo[39m: CRON Expiration Job : Checking for Expiration Date
2024-03-27T09:00:00.369Z [32minfo[39m: CRON Backup Job : Running Backup Job
2024-03-27T09:00:00.397Z [32minfo[39m: CRON Expiration Job : No Jobs in queue
2024-03-27T09:01:00.457Z [32minfo[39m: CRON Expiration Job : Checking for Expiration Date
2024-03-27T09:01:00.462Z [32minfo[39m: CRON Backup Job : Running Backup Job
2024-03-27T09:01:00.489Z [32minfo[39m: CRON Expiration Job : No Jobs in queue
2024-03-27T09:02:00.559Z [32minfo[39m: CRON Expiration Job : Checking for Expiration Date
2024-03-27T09:02:00.563Z [32minfo[39m: CRON Backup Job : Running Backup Job
2024-03-27T09:02:00.594Z [32minfo[39m: CRON Expiration Job : No Jobs in queue
2024-03-27T09:03:00.649Z [32minfo[39m: CRON Expiration Job : Checking for Expiration Date
2024-03-27T09:03:00.653Z [32minfo[39m: CRON Backup Job : Running Backup Job
2024-03-27T09:03:00.684Z [32minfo[39m: CRON Expiration Job : No Jobs in queue
2024-03-27T09:04:00.739Z [32minfo[39m: CRON Expiration Job : Checking for Expiration Date
2024-03-27T09:04:00.743Z [32minfo[39m: CRON Backup Job : Running Backup Job
2024-03-27T09:04:00.770Z [32minfo[39m: CRON Expiration Job : No Jobs in queue
2024-03-27T09:05:00.832Z [32minfo[39m: CRON Expiration Job : Checking for Expiration Date
2024-03-27T09:05:00.833Z [32minfo[39m: CRON Backup Job : Running Backup Job
2024-03-27T09:05:00.861Z [32minfo[39m: CRON Expiration Job : No Jobs in queue
2024-03-27T09:06:00.933Z [32minfo[39m: CRON Expiration Job : Checking for Expiration Date
2024-03-27T09:06:00.944Z [32minfo[39m: CRON Backup Job : Running Backup Job
2024-03-27T09:06:00.974Z [32minfo[39m: CRON Expiration Job : No Jobs in queue
2024-03-27T09:07:00.026Z [32minfo[39m: CRON Expiration Job : Checking for Expiration Date
2024-03-27T09:07:00.032Z [32minfo[39m: CRON Backup Job : Running Backup Job
2024-03-27T09:07:00.062Z [32minfo[39m: CRON Expiration Job : No Jobs in queue
2024-03-27T09:08:00.130Z [32minfo[39m: CRON Expiration Job : Checking for Expiration Date
2024-03-27T09:08:00.134Z [32minfo[39m: CRON Backup Job : Running Backup Job
2024-03-27T09:08:00.166Z [32minfo[39m: CRON Expiration Job : No Jobs in queue
2024-03-27T09:09:00.222Z [32minfo[39m: CRON Expiration Job : Checking for Expiration Date
2024-03-27T09:09:00.227Z [32minfo[39m: CRON Backup Job : Running Backup Job
2024-03-27T09:09:00.255Z [32minfo[39m: CRON Expiration Job : No Jobs in queue
2024-03-27T09:10:00.309Z [32minfo[39m: CRON Expiration Job : Checking for Expiration Date
2024-03-27T09:10:00.313Z [32minfo[39m: CRON Backup Job : Running Backup Job
2024-03-27T09:10:00.340Z [32minfo[39m: CRON Expiration Job : No Jobs in queue
2024-03-27T09:11:00.397Z [32minfo[39m: CRON Expiration Job : Checking for Expiration Date
2024-03-27T09:11:00.399Z [32minfo[39m: CRON Backup Job : Running Backup Job
2024-03-27T09:11:00.426Z [32minfo[39m: CRON Expiration Job : No Jobs in queue
2024-03-27T09:12:00.489Z [32minfo[39m: CRON Expiration Job : Checking for Expiration Date
2024-03-27T09:12:00.497Z [32minfo[39m: CRON Backup Job : Running Backup Job
2024-03-27T09:12:00.525Z [32minfo[39m: CRON Expiration Job : No Jobs in queue
2024-03-27T09:13:00.580Z [32minfo[39m: CRON Expiration Job : Checking for Expiration Date
2024-03-27T09:13:00.584Z [32minfo[39m: CRON Backup Job : Running Backup Job
2024-03-27T09:13:00.614Z [32minfo[39m: CRON Expiration Job : No Jobs in queue
